[2023/10/18 13:58:59] coreSNP::<module> | INFO | Initializing.
[2023/10/18 13:59:00] coreSNP::<module> | INFO | Convert heterozygous SNP to missing, and impute by major allele.
[2023/10/18 13:59:05] coreSNP::main | INFO | Selecting CoreSNP - core_1.
[2023/10/18 13:59:07] coreSNP::core_selection | DEBUG | SNP number: 12159
[2023/10/18 13:59:07] coreSNP::core_selection | DEBUG | Candidate SNPs: ['rs1_72116648', 'rs4_506348681', 'rs7_104190496', 'rs7_162195952']
[2023/10/18 13:59:07] coreSNP::core_selection | INFO | Selecting SNP #1: rs4_506348681
[2023/10/18 13:59:07] coreSNP::core_selection | DEBUG | Haplotype count: 2
[2023/10/18 13:59:07] coreSNP::core_selection | DEBUG | Haplotype frequency: 500,500
[2023/10/18 13:59:14] coreSNP::core_selection | DEBUG | SNP number: 12158
[2023/10/18 13:59:14] coreSNP::core_selection | DEBUG | Candidate SNPs: ['rs7_6373182']
[2023/10/18 13:59:14] coreSNP::core_selection | INFO | Selecting SNP #2: rs7_6373182
[2023/10/18 13:59:14] coreSNP::core_selection | DEBUG | Haplotype count: 4
[2023/10/18 13:59:14] coreSNP::core_selection | DEBUG | Haplotype frequency: 249,251,250,250
[2023/10/18 13:59:22] coreSNP::core_selection | DEBUG | SNP number: 12157
[2023/10/18 13:59:22] coreSNP::core_selection | DEBUG | Candidate SNPs: ['rs4_600577463']
[2023/10/18 13:59:22] coreSNP::core_selection | INFO | Selecting SNP #3: rs4_600577463
[2023/10/18 13:59:22] coreSNP::core_selection | DEBUG | Haplotype count: 8
[2023/10/18 13:59:22] coreSNP::core_selection | DEBUG | Haplotype frequency: 128,121,124,121,126,130,122,128
[2023/10/18 13:59:30] coreSNP::core_selection | DEBUG | SNP number: 12156
[2023/10/18 13:59:30] coreSNP::core_selection | DEBUG | Candidate SNPs: ['rs2_532816994']
[2023/10/18 13:59:30] coreSNP::core_selection | INFO | Selecting SNP #4: rs2_532816994
[2023/10/18 13:59:30] coreSNP::core_selection | DEBUG | Haplotype count: 16
[2023/10/18 13:59:30] coreSNP::core_selection | DEBUG | Haplotype frequency: 69,65,59,58,66,56,57,68,57,58,59,73,65,63,64,63
[2023/10/18 13:59:38] coreSNP::core_selection | DEBUG | SNP number: 12155
[2023/10/18 13:59:38] coreSNP::core_selection | DEBUG | Candidate SNPs: ['rs7_618326117']
[2023/10/18 13:59:38] coreSNP::core_selection | INFO | Selecting SNP #5: rs7_618326117
[2023/10/18 13:59:38] coreSNP::core_selection | DEBUG | Haplotype count: 32
[2023/10/18 13:59:38] coreSNP::core_selection | DEBUG | Haplotype frequency: 37,37,24,27,34,32,25,35,31,24,33,33,30,35,32,27,32,36,22,30,24,35,33,37,28,32,32,31,28,29,43,32
[2023/10/18 13:59:46] coreSNP::core_selection | DEBUG | SNP number: 12154
[2023/10/18 13:59:46] coreSNP::core_selection | DEBUG | Candidate SNPs: ['rs6_36048821']
[2023/10/18 13:59:46] coreSNP::core_selection | INFO | Selecting SNP #6: rs6_36048821
[2023/10/18 13:59:46] coreSNP::core_selection | DEBUG | Haplotype count: 64
[2023/10/18 13:59:46] coreSNP::core_selection | DEBUG | Haplotype frequency: 19,13,15,11,18,20,9,13,23,15,17,14,18,20,14,15,14,16,19,20,18,23,13,14,11,17,15,12,16,13,14,13,16,14,16,21,20,15,14,12,14,15,17,15,18,24,10,16,13,20,18,14,9,13,31,18,8,18,14,14,16,14,12,9
[2023/10/18 13:59:54] coreSNP::core_selection | DEBUG | SNP number: 12153
[2023/10/18 13:59:54] coreSNP::core_selection | DEBUG | Candidate SNPs: ['rs6_147330848']
[2023/10/18 13:59:54] coreSNP::core_selection | INFO | Selecting SNP #7: rs6_147330848
[2023/10/18 13:59:54] coreSNP::core_selection | DEBUG | Haplotype count: 128
[2023/10/18 13:59:54] coreSNP::core_selection | DEBUG | Haplotype frequency: 8,7,4,8,8,16,7,9,14,6,9,9,9,4,10,9,9,7,5,5,10,10,7,8,9,12,6,4,7,8,11,6,12,5,11,7,7,7,6,6,6,10,9,9,11,9,10,10,12,5,11,8,4,7,7,8,7,11,6,10,11,10,9,9,11,5,12,11,11,3,9,12,8,6,5,5,4,3,2,4,9,13,7,9,22,8,6,5,3,7,7,6,11,6,9,8,7,5,6,4,7,12,8,7,12,5,11,9,5,8,10,7,3,5,9,5,5,11,5,7,9,10,6,3,5,9,4,3
[2023/10/18 14:00:02] coreSNP::core_selection | DEBUG | SNP number: 12152
[2023/10/18 14:00:02] coreSNP::core_selection | DEBUG | Candidate SNPs: ['rs7_59396838']
[2023/10/18 14:00:02] coreSNP::core_selection | INFO | Selecting SNP #8: rs7_59396838
[2023/10/18 14:00:02] coreSNP::core_selection | DEBUG | Haplotype count: 254
[2023/10/18 14:00:02] coreSNP::core_selection | DEBUG | Haplotype frequency: 4,3,2,4,3,14,5,3,6,2,3,3,6,1,4,4,6,3,4,2,2,6,6,4,6,4,3,5,7,3,3,3,4,4,3,4,2,3,3,6,4,4,3,3,3,3,5,7,3,6,7,3,6,4,3,6,7,5,3,10,10,3,7,6,2,5,8,3,6,4,4,4,4,4,7,7,5,4,6,10,7,3,6,6,2,4,2,4,4,6,6,5,1,8,6,6,5,6,5,3,3,2,6,3,3,6,1,1,2,4,10,1,4,18,5,1,2,3,1,4,4,5,1,4,4,3,9,6,4,2,6,6,4,4,4,4,3,3,2,6,8,3,3,3,5,3,2,8,4,4,4,5,5,4,2,5,2,3,3,3,5,2,3,8,4,2,4,2,4,2,3,3,4,4,1,2,4,5,2,5,2,3,6,5,5,5,3,2,5,3,4,5,2,6,3,8,2,2,4,7,7,4,3,6,7,2,2,2,2,2,4,5,5,1,2,2,3,5,2,2,1,3,4,2,3,2,5,3,1,2,3,2,2,6,2,2,2,1,2,1,1,3,2,4,1,3,1,1,1,1,1,3,1,4
[2023/10/18 14:00:11] coreSNP::core_selection | DEBUG | SNP number: 12104
[2023/10/18 14:00:11] coreSNP::core_selection | DEBUG | Candidate SNPs: ['rs5_583144542']
[2023/10/18 14:00:11] coreSNP::core_selection | INFO | Selecting SNP #9: rs5_583144542
[2023/10/18 14:00:11] coreSNP::core_selection | DEBUG | Haplotype count: 442
[2023/10/18 14:00:11] coreSNP::core_selection | DEBUG | Haplotype frequency: 1,3,2,2,2,9,3,1,5,1,2,2,3,1,2,2,2,3,3,2,2,5,5,4,4,3,1,5,3,4,3,3,3,3,4,1,2,1,3,1,3,2,2,3,2,2,3,3,4,3,1,4,1,2,4,2,1,4,3,4,2,3,7,2,2,4,1,3,6,3,1,2,2,2,1,2,3,6,5,4,2,4,4,7,3,3,1,4,2,2,3,1,4,4,3,1,1,1,1,3,5,5,4,3,2,3,2,2,1,1,3,2,2,2,1,4,1,1,1,9,1,2,7,3,1,1,3,1,3,1,3,2,3,2,4,2,1,2,2,2,2,3,3,3,1,4,4,3,1,3,3,2,2,2,2,2,3,3,5,2,15,2,3,4,3,3,2,2,2,4,1,2,3,2,2,2,3,2,2,4,1,2,1,4,2,2,2,3,2,4,3,1,2,2,5,7,2,3,1,2,3,2,2,2,1,1,2,2,2,2,1,1,3,2,2,2,7,3,1,3,1,1,1,3,3,2,2,2,4,1,3,2,1,2,4,3,2,2,2,3,1,4,3,1,1,1,6,2,1,3,2,2,1,2,2,1,2,3,3,2,5,3,1,1,1,3,3,3,2,2,3,6,1,3,2,2,4,2,1,2,4,4,4,2,1,2,1,1,1,2,2,2,1,4,1,2,4,1,5,2,2,3,3,1,1,2,2,4,2,2,1,1,1,2,2,4,1,2,2,1,3,3,2,3,1,2,3,1,1,1,1,1,1,3,1,2,1,2,1,2,3,3,2,2,1,1,1,2,2,1,2,2,1,1,1,1,1,3,3,1,6,2,1,1,2,3,1,1,1,1,1,1,4,2,1,2,1,1,3,1,3,1,1,1,1,2,1,3,1,1,1,1,3,1,1,1,1,2,1,2,1,1,1,2,1,2,1,1,2,1,1,1,1,2,1,2,1,4,1,1,1,1,1,1,1,1,1,1,1,1,2,1,1,1,1,2,3,1,1,1,1,1
[2023/10/18 14:00:20] coreSNP::core_selection | DEBUG | SNP number: 11738
[2023/10/18 14:00:20] coreSNP::core_selection | DEBUG | Candidate SNPs: ['rs3_540386788']
[2023/10/18 14:00:20] coreSNP::core_selection | INFO | Selecting SNP #10: rs3_540386788
[2023/10/18 14:00:20] coreSNP::core_selection | DEBUG | Haplotype count: 637
[2023/10/18 14:00:20] coreSNP::core_selection | DEBUG | Haplotype frequency: 1,3,1,2,1,3,2,1,4,1,1,1,2,1,1,2,1,1,3,2,1,3,3,2,3,1,1,2,2,3,3,1,2,3,3,1,1,1,1,1,1,2,2,2,1,1,2,3,1,3,1,1,1,1,4,1,1,1,1,1,2,2,4,2,1,4,1,1,2,1,1,1,2,1,2,2,1,1,2,3,5,3,3,1,4,3,6,2,1,1,1,1,2,2,2,1,1,1,2,2,1,1,1,1,2,3,2,3,4,2,2,1,2,2,2,1,1,3,2,1,2,1,2,1,1,1,6,1,1,4,1,1,1,2,1,2,3,1,1,1,1,2,3,1,1,3,1,1,1,1,2,2,2,2,2,1,1,3,1,2,2,1,1,3,3,1,2,1,1,1,2,3,2,2,4,2,8,1,1,1,3,3,2,1,1,1,1,1,1,2,2,1,1,2,2,5,1,3,2,2,2,1,2,1,2,2,1,3,1,1,2,2,1,2,1,2,2,2,1,1,2,1,1,2,3,2,3,4,6,2,2,1,1,2,1,2,2,2,1,1,1,3,2,1,1,2,2,1,1,1,1,2,1,2,2,1,1,5,3,1,1,2,1,3,1,1,1,2,2,1,1,3,2,1,2,1,3,2,2,1,2,2,2,2,2,2,2,2,2,2,1,1,4,2,1,1,1,1,5,2,1,2,1,1,2,1,1,1,2,1,3,1,1,2,3,1,1,1,4,1,3,2,1,1,1,1,1,1,1,1,2,1,2,1,2,3,1,3,2,1,5,1,2,2,2,2,1,3,2,1,1,2,2,2,2,1,2,1,1,1,1,1,1,1,1,3,1,2,2,1,2,1,2,3,3,1,1,1,2,1,1,1,2,2,1,2,2,1,1,1,2,2,2,1,1,1,1,1,1,1,1,2,7,1,2,2,1,1,2,1,2,1,1,2,3,1,2,2,3,2,1,2,1,1,1,1,1,1,1,1,2,1,1,1,1,2,1,2,1,2,1,1,1,1,2,3,1,2,1,1,2,2,1,1,1,1,1,1,1,1,1,1,2,1,1,1,1,1,1,1,1,1,1,1,1,1,1,1,2,1,1,1,1,1,3,1,1,1,1,1,2,1,1,2,1,1,1,1,1,1,1,1,1,1,1,1,1,1,2,1,2,1,1,1,1,1,1,1,1,1,1,3,1,1,2,1,3,1,1,1,1,2,1,1,1,1,1,1,1,1,3,1,1,1,1,3,1,1,2,1,1,1,1,1,1,1,2,1,1,1,1,2,1,1,1,1,1,1,1,1,2,1,1,1,1,2,1,1,1,2,2,1,1,1,1,1,1,1,1,1,2,2,1,1,2,1,1,1,1,1,1,1,1,1,1,1,1,1,1,1,1,1,1,1,1,1,1,1,1,1,1,1,1,1,2,3,1,1,2,1,1,1,1,1,1,1,1
[2023/10/18 14:00:29] coreSNP::core_selection | DEBUG | SNP number: 10732
[2023/10/18 14:00:29] coreSNP::core_selection | DEBUG | Candidate SNPs: ['rs6_528108286']
[2023/10/18 14:00:29] coreSNP::core_selection | INFO | Selecting SNP #11: rs6_528108286
[2023/10/18 14:00:29] coreSNP::core_selection | DEBUG | Haplotype count: 785
[2023/10/18 14:00:29] coreSNP::core_selection | DEBUG | Haplotype frequency: 1,2,1,1,1,2,1,1,2,1,1,1,2,1,1,2,1,1,3,2,1,2,1,2,1,1,1,2,2,1,2,3,1,2,1,2,1,1,2,1,1,1,1,2,1,2,1,1,2,3,1,3,1,1,1,1,3,1,1,1,1,1,1,1,3,1,1,1,1,1,1,1,1,1,1,1,1,2,1,1,2,3,2,2,1,1,4,2,3,1,1,1,1,1,1,1,2,1,1,1,2,1,1,1,1,1,2,2,2,1,4,1,1,1,1,3,1,1,2,1,1,1,1,1,1,1,1,1,2,1,1,3,1,1,3,1,1,1,1,1,1,1,1,1,1,1,1,2,1,1,3,1,1,1,1,2,1,1,1,2,1,1,3,2,1,1,1,1,1,1,3,1,1,1,1,1,1,1,2,2,1,1,2,4,1,2,4,1,1,1,2,2,1,1,1,1,1,1,1,1,1,1,2,1,1,2,2,2,3,1,2,2,1,1,1,2,1,2,1,1,2,1,1,1,1,1,2,1,1,1,2,2,2,1,1,1,1,1,1,1,1,1,1,2,1,5,2,2,1,1,2,2,1,1,2,1,1,1,1,1,2,2,1,1,1,2,1,1,1,1,1,1,1,1,1,1,1,3,2,1,2,1,1,1,2,1,3,1,1,1,2,1,1,1,2,2,1,1,1,1,2,2,1,1,1,2,1,1,1,2,2,2,1,1,2,1,1,1,1,3,3,1,1,1,1,1,1,4,1,2,2,1,1,1,1,1,1,1,1,1,2,1,3,1,1,2,1,3,1,1,1,3,1,2,1,2,1,1,1,1,1,1,1,1,1,2,1,2,1,1,2,1,3,2,1,3,1,2,2,1,1,2,1,3,1,1,1,1,1,1,1,1,1,1,1,2,1,1,1,1,1,1,1,1,1,1,1,2,1,1,1,1,1,1,2,1,1,1,2,1,1,1,2,1,1,1,1,2,1,1,2,1,1,1,2,1,1,1,1,1,1,1,1,1,1,1,1,1,3,1,1,4,1,1,1,1,2,1,1,1,1,2,1,1,1,2,2,1,2,1,1,1,2,1,2,1,3,1,1,1,1,1,1,1,1,2,1,1,1,1,1,1,1,2,1,1,1,2,1,1,1,1,1,2,2,2,1,1,1,1,2,1,1,1,1,1,1,1,1,1,1,1,1,1,1,1,1,1,1,1,1,1,1,1,1,2,1,1,1,1,2,1,1,1,1,1,3,2,1,1,1,1,1,1,1,2,1,1,1,1,1,1,1,1,1,2,1,1,1,1,1,1,1,1,1,1,1,1,1,1,1,1,1,1,1,1,1,1,1,1,1,1,1,1,2,1,1,1,1,1,1,1,1,1,1,1,1,1,1,1,1,2,1,1,2,1,1,1,1,3,1,1,1,1,1,1,2,1,1,1,1,1,1,1,1,1,1,1,3,1,1,1,1,3,1,1,2,1,1,1,1,1,1,1,1,1,1,1,1,1,1,1,1,1,1,3,1,2,1,1,1,1,1,1,1,2,1,1,1,1,1,1,1,1,1,2,2,1,1,2,1,1,1,1,1,1,1,1,1,1,1,2,2,1,1,1,1,1,1,1,1,1,1,1,1,1,1,1,1,1,1,1,1,1,1,1,1,1,1,1,1,1,1,1,1,1,1,1,1,1,1,1,1,1,1,1,1,1,1,1,1,1,1,1,1,1,1,1,1,1,1,1,1,1,2,1,2,1,1,1,1,2,1,1,1,1,1,1,1,1,1,1,1,1,1
[2023/10/18 14:00:37] coreSNP::core_selection | DEBUG | SNP number: 9749
[2023/10/18 14:00:37] coreSNP::core_selection | DEBUG | Candidate SNPs: ['rs1_394112362']
[2023/10/18 14:00:37] coreSNP::core_selection | INFO | Selecting SNP #12: rs1_394112362
[2023/10/18 14:00:37] coreSNP::core_selection | DEBUG | Haplotype count: 880
[2023/10/18 14:00:37] coreSNP::core_selection | DEBUG | Haplotype frequency: 1,2,1,1,1,1,1,1,1,1,1,1,2,1,1,2,1,1,3,2,1,1,1,1,1,1,1,1,1,1,1,2,1,2,1,1,1,1,2,1,1,1,1,1,1,2,1,1,2,2,1,1,1,1,1,1,3,1,1,1,1,1,1,1,1,2,1,1,1,1,1,1,1,1,1,1,1,1,1,1,1,1,2,3,2,2,1,1,3,2,1,1,1,1,1,1,1,1,1,1,1,1,2,1,1,1,1,1,2,1,2,1,3,1,1,1,1,1,1,1,1,2,1,1,1,1,1,1,1,1,1,1,1,1,2,1,1,2,1,1,1,1,1,1,1,1,1,1,1,1,2,1,1,2,1,1,1,1,1,1,1,1,1,1,1,1,1,1,1,1,1,1,1,1,1,1,1,1,1,1,1,1,2,2,1,1,2,2,1,2,3,1,1,1,2,1,1,1,1,1,1,1,1,1,2,1,2,1,1,1,1,1,1,2,1,3,1,1,1,1,1,1,2,1,1,1,1,1,1,1,1,1,1,1,1,1,1,1,2,2,2,1,1,1,1,1,1,1,1,1,1,1,2,1,5,2,1,1,1,1,2,1,1,1,1,1,1,1,1,1,1,1,1,1,1,2,1,1,1,1,1,1,1,1,1,1,1,2,2,1,2,1,1,2,1,2,1,2,1,1,1,1,1,1,1,2,2,1,1,1,1,1,1,1,1,1,1,1,1,1,1,1,2,1,1,1,1,1,2,1,1,1,1,1,2,2,1,1,1,1,1,1,2,1,2,2,1,1,1,1,1,1,1,1,1,1,2,1,2,1,1,2,1,3,1,1,1,2,1,1,1,2,1,1,1,1,1,1,1,1,1,1,1,1,1,1,1,1,1,1,1,1,1,1,1,2,1,1,3,1,2,1,1,1,1,1,1,3,1,1,1,1,1,1,1,1,1,1,1,1,1,1,1,1,1,1,1,1,1,1,1,1,1,1,2,1,1,1,1,1,1,1,2,1,1,1,1,1,1,1,1,1,1,1,1,1,1,1,1,1,2,1,1,1,1,1,1,1,1,1,1,1,1,1,1,1,1,1,1,1,1,3,1,1,1,1,3,1,1,1,1,1,2,1,1,1,1,1,1,1,1,2,1,1,2,1,1,1,1,1,1,1,1,2,1,1,1,1,1,1,1,1,1,1,1,1,1,1,1,1,1,1,2,1,1,1,2,1,1,1,1,1,1,1,1,1,1,1,1,1,1,1,1,1,1,1,1,1,1,1,1,1,1,1,1,2,1,1,1,1,1,1,1,1,1,1,1,1,1,1,1,1,1,1,1,1,1,1,1,1,1,1,1,2,1,1,3,1,2,1,1,1,1,1,1,1,1,2,1,1,1,1,1,1,1,1,1,1,1,1,1,1,1,1,1,1,1,1,1,1,1,1,1,1,1,1,1,1,1,1,1,1,1,1,1,1,1,1,1,1,1,2,1,1,1,1,1,1,1,1,1,1,1,1,1,1,1,1,1,1,1,1,1,1,1,1,1,1,1,1,1,1,1,2,1,1,1,1,1,1,1,1,1,1,1,1,1,1,1,1,1,1,1,1,1,1,1,1,1,1,1,1,1,1,1,2,1,1,2,1,1,1,1,1,1,1,1,1,1,1,1,1,1,1,1,1,1,1,1,1,1,3,1,2,2,1,1,1,1,1,1,1,1,2,1,1,1,1,1,1,1,1,1,1,2,1,1,1,1,1,1,1,1,1,1,1,1,1,1,1,1,2,1,1,1,1,1,1,1,1,1,1,1,1,1,1,2,1,1,1,1,1,1,1,1,1,1,1,1,1,1,1,1,1,1,1,1,1,1,1,1,1,1,1,1,1,1,1,1,1,1,1,1,1,1,1,1,1,1,1,1,1,1,1,1,1,1,1,1,1,1,1,1,1,1,2,1,2,1,1,1,1,1,1,1,2,1,1,1,1,1,1,1,1,1,1,1,1,1,1
[2023/10/18 14:00:45] coreSNP::core_selection | DEBUG | SNP number: 8240
[2023/10/18 14:00:45] coreSNP::core_selection | DEBUG | Candidate SNPs: ['rs7_612903404']
[2023/10/18 14:00:45] coreSNP::core_selection | INFO | Selecting SNP #13: rs7_612903404
[2023/10/18 14:00:45] coreSNP::core_selection | DEBUG | Haplotype count: 937
[2023/10/18 14:00:45] coreSNP::core_selection | DEBUG | Haplotype frequency: 1,2,1,1,1,1,1,1,1,1,1,1,2,1,1,2,1,1,2,1,1,1,1,1,1,1,1,1,1,1,1,2,1,2,1,1,1,1,2,1,1,1,1,1,1,2,1,1,1,2,1,1,1,1,1,1,2,1,1,1,1,1,1,1,1,1,1,1,1,1,1,1,1,1,1,1,1,1,1,1,1,1,2,1,2,2,1,1,3,2,1,1,1,1,1,1,1,1,1,1,1,1,2,1,1,1,1,1,2,1,1,1,2,1,1,1,1,1,1,1,1,1,1,1,1,1,1,1,1,1,1,1,1,1,1,1,1,1,1,2,1,1,1,1,1,1,1,1,1,1,1,1,1,1,1,1,1,1,1,1,1,1,1,1,1,1,1,1,1,1,1,1,1,1,1,1,1,1,1,1,1,1,1,1,2,2,1,1,1,2,1,1,1,1,1,1,2,1,1,1,1,1,1,1,1,1,2,1,1,1,1,1,1,1,1,1,1,3,1,1,1,1,1,1,2,1,1,1,1,1,1,1,1,1,1,1,1,1,1,1,1,1,1,1,1,1,1,1,1,1,1,1,1,1,1,1,1,2,1,4,1,1,1,1,1,1,1,1,1,1,1,1,1,1,1,1,1,1,1,1,2,1,1,1,1,1,1,1,1,1,1,1,2,1,1,1,1,1,1,1,1,1,1,2,1,1,1,1,1,1,1,1,2,1,1,1,1,1,1,1,1,1,1,1,1,1,1,1,1,1,1,1,1,1,1,1,1,1,1,1,1,1,1,1,1,1,1,1,1,1,1,1,1,1,1,1,1,1,1,1,1,1,1,1,1,2,1,1,1,1,1,1,2,1,1,1,1,1,1,1,2,1,1,1,1,1,1,1,1,1,1,1,1,1,1,1,1,1,1,1,1,1,1,1,1,2,1,1,2,1,2,1,1,1,1,1,1,2,1,1,1,1,1,1,1,1,1,1,1,1,1,1,1,1,1,1,1,1,1,1,1,1,1,1,1,1,2,1,1,1,1,1,1,1,1,1,1,1,1,1,1,1,1,1,1,1,1,1,1,1,1,1,2,1,1,1,1,1,1,1,1,1,1,1,1,1,1,1,1,1,1,1,1,1,1,1,1,2,1,1,1,1,1,1,1,2,1,1,1,1,1,2,1,1,1,1,1,1,1,1,1,1,1,2,1,1,1,1,1,1,1,1,2,1,1,1,1,1,1,1,1,1,1,1,1,1,1,1,1,1,1,1,1,1,1,1,1,1,1,1,1,1,1,1,1,1,1,1,1,1,1,1,1,1,1,1,1,1,1,1,1,1,1,2,1,1,1,1,2,1,1,1,1,1,1,1,1,1,1,1,1,1,1,1,1,1,1,1,1,1,1,1,1,1,1,1,1,1,1,1,2,1,1,1,1,1,1,1,1,1,1,1,1,2,1,1,1,1,1,1,1,1,1,1,1,1,1,1,1,1,1,1,1,1,1,1,1,1,1,1,1,1,1,1,1,1,1,1,1,1,1,1,1,1,1,1,1,1,1,1,1,1,1,1,1,1,1,1,1,1,1,1,1,1,1,1,1,1,1,1,1,1,1,1,1,1,1,1,1,1,1,1,1,1,1,1,1,1,1,1,1,1,1,1,1,1,1,1,1,1,1,1,1,1,1,1,1,1,1,1,1,1,1,1,1,1,1,1,1,1,1,1,1,1,1,1,1,1,2,1,1,1,1,1,1,1,1,1,1,1,1,1,1,1,1,1,1,1,1,1,1,1,1,1,1,1,1,2,1,1,2,2,1,1,1,1,1,1,1,1,2,1,1,1,1,1,1,1,1,1,1,1,1,1,1,1,1,1,1,1,1,1,1,1,1,1,1,1,1,1,1,2,1,1,1,1,1,1,1,1,1,1,1,1,1,1,1,1,1,1,1,1,1,1,1,1,1,1,1,1,1,1,1,1,1,1,1,1,1,1,1,1,1,1,1,1,1,1,1,1,1,1,1,1,1,1,1,1,1,1,1,1,1,1,1,1,1,1,1,1,1,1,1,1,1,1,1,1,2,1,2,1,1,1,1,1,1,1,1,2,1,1,1,1,1,1,1,1,1,1,1,1,1,1,1,1,1
[2023/10/18 14:00:51] coreSNP::core_selection | DEBUG | SNP number: 7089
[2023/10/18 14:00:51] coreSNP::core_selection | DEBUG | Candidate SNPs: ['rs3_14082466', 'rs3_587902514']
[2023/10/18 14:00:51] coreSNP::core_selection | INFO | Selecting SNP #14: rs3_14082466
[2023/10/18 14:00:51] coreSNP::core_selection | DEBUG | Haplotype count: 969
[2023/10/18 14:00:51] coreSNP::core_selection | DEBUG | Haplotype frequency: 1,2,1,1,1,1,1,1,1,1,1,1,1,1,1,1,1,1,2,1,1,1,1,1,1,1,1,1,1,1,1,2,1,1,1,1,1,1,2,1,1,1,1,1,1,1,1,1,1,1,1,1,1,1,1,1,1,1,1,1,1,1,1,1,1,1,1,1,1,1,1,1,1,1,1,1,1,1,1,1,1,1,1,1,2,1,2,2,1,1,2,1,1,1,1,1,1,1,1,1,1,1,1,1,2,1,1,1,1,1,2,1,1,1,1,2,1,1,1,1,1,1,1,1,1,1,1,1,1,1,1,1,1,1,1,1,1,1,1,1,1,1,1,1,1,1,1,1,1,1,1,1,1,1,1,1,1,1,1,1,1,1,1,1,1,1,1,1,1,1,1,1,1,1,1,1,1,1,1,1,1,1,1,1,1,1,1,1,2,1,1,1,1,1,1,1,1,1,1,1,1,1,1,1,1,1,1,1,1,1,1,1,1,1,1,1,1,1,1,1,1,1,1,1,1,1,1,1,1,1,1,1,1,1,1,1,1,1,1,1,1,1,1,1,1,1,1,1,1,1,1,1,1,1,1,1,1,1,1,1,1,1,3,1,1,1,1,1,1,1,1,1,1,1,1,1,1,1,1,1,1,1,1,2,1,1,1,1,1,1,1,1,1,1,1,1,1,1,1,1,1,1,1,1,1,1,1,2,1,1,1,1,1,1,1,1,2,1,1,1,1,1,1,1,1,1,1,1,1,1,1,1,1,1,1,1,1,1,1,1,1,1,1,1,1,1,1,1,1,1,1,1,1,1,1,1,1,1,1,1,1,1,1,1,1,1,1,1,1,2,1,1,1,1,1,1,2,1,1,1,1,1,1,1,2,1,1,1,1,1,1,1,1,1,1,1,1,1,1,1,1,1,1,1,1,1,1,1,1,1,1,1,1,1,1,2,1,1,1,1,1,1,1,1,1,1,1,1,1,1,1,1,1,1,1,1,1,1,1,1,1,1,1,1,1,1,1,1,1,1,1,1,2,1,1,1,1,1,1,1,1,1,1,1,1,1,1,1,1,1,1,1,1,1,1,1,1,1,1,1,1,1,1,1,1,1,1,1,1,1,1,1,1,1,1,1,1,1,1,1,1,1,1,1,1,1,2,1,1,1,1,1,1,1,1,1,1,1,1,1,1,1,1,1,1,1,1,1,1,1,1,1,1,1,1,1,1,1,1,1,1,1,1,2,1,1,1,1,1,1,1,1,1,1,1,1,1,1,1,1,1,1,1,1,1,1,1,1,1,1,1,1,1,1,1,1,1,1,1,1,1,1,1,1,1,1,1,1,1,1,1,1,1,1,1,2,1,1,1,1,1,1,1,1,1,1,1,1,1,1,1,1,1,1,1,1,1,1,1,1,1,1,1,1,1,1,1,1,1,1,1,1,2,1,1,1,1,1,2,1,1,1,1,1,1,1,1,2,1,1,1,1,1,1,1,1,1,1,1,1,1,1,1,1,1,1,1,1,1,1,1,1,1,1,1,1,1,1,1,1,1,1,1,1,1,1,1,1,1,1,1,1,1,1,1,1,1,1,1,1,1,1,1,1,1,1,1,1,1,1,1,1,1,1,1,1,1,1,1,1,1,1,1,1,1,1,1,1,1,1,1,1,1,1,1,1,1,1,1,1,1,1,1,1,1,1,1,1,1,1,1,1,1,1,1,1,1,1,1,1,1,1,1,1,1,1,1,1,1,1,1,1,1,1,1,1,2,1,1,1,1,1,1,1,1,1,1,1,1,1,1,1,1,1,1,1,1,1,1,1,1,1,1,1,1,1,1,1,1,1,1,1,1,1,1,1,1,1,1,1,1,2,1,1,1,1,1,1,1,1,1,1,1,1,1,1,1,1,1,1,1,1,1,1,1,1,1,1,1,1,1,1,1,1,1,1,1,1,1,1,1,1,1,1,1,1,1,1,1,1,1,1,1,1,1,1,1,1,1,1,1,1,1,1,1,1,1,1,1,1,1,1,1,1,1,1,1,1,1,1,1,1,1,1,1,1,1,1,1,1,1,1,1,1,1,1,1,1,1,1,1,1,1,1,1,1,1,1,1,1,1,1,1,1,1,1,1,1,2,1,1,1,1,1,1,1,1,1,1,1,1,1,1,1,1,1,1,1,1,1,1,1,1,1,1,1,1,1,1
[2023/10/18 14:00:57] coreSNP::core_selection | DEBUG | SNP number: 6083
[2023/10/18 14:00:57] coreSNP::core_selection | DEBUG | Candidate SNPs: ['rs1_492598152', 'rs3_587902514']
[2023/10/18 14:00:57] coreSNP::core_selection | INFO | Selecting SNP #15: rs1_492598152
[2023/10/18 14:00:57] coreSNP::core_selection | DEBUG | Haplotype count: 986
[2023/10/18 14:00:57] coreSNP::core_selection | DEBUG | Haplotype frequency: 1,1,1,1,1,1,1,1,1,1,1,1,1,1,1,1,1,1,1,2,1,1,1,1,1,1,1,1,1,1,1,1,1,1,1,1,1,1,1,2,1,1,1,1,1,1,1,1,1,1,1,1,1,1,1,1,1,1,1,1,1,1,1,1,1,1,1,1,1,1,1,1,1,1,1,1,1,1,1,1,1,1,1,1,1,1,1,1,1,1,1,1,1,1,1,1,1,1,1,1,1,1,1,1,1,1,2,1,1,1,1,1,1,1,1,1,1,2,1,1,1,1,1,1,1,1,1,1,1,1,1,1,1,1,1,1,1,1,1,1,1,1,1,1,1,1,1,1,1,1,1,1,1,1,1,1,1,1,1,1,1,1,1,1,1,1,1,1,1,1,1,1,1,1,1,1,1,1,1,1,1,1,1,1,1,1,1,1,1,1,1,2,1,1,1,1,1,1,1,1,1,1,1,1,1,1,1,1,1,1,1,1,1,1,1,1,1,1,1,1,1,1,1,1,1,1,1,1,1,1,1,1,1,1,1,1,1,1,1,1,1,1,1,1,1,1,1,1,1,1,1,1,1,1,1,1,1,1,1,1,1,1,1,1,1,1,1,1,1,1,1,1,1,1,1,1,1,1,1,1,1,1,1,1,1,1,1,1,1,1,1,1,1,1,1,1,1,1,1,1,1,1,1,1,1,1,1,1,1,1,1,2,1,1,1,1,1,1,1,1,2,1,1,1,1,1,1,1,1,1,1,1,1,1,1,1,1,1,1,1,1,1,1,1,1,1,1,1,1,1,1,1,1,1,1,1,1,1,1,1,1,1,1,1,1,1,1,1,1,1,1,1,1,1,1,1,1,1,1,1,1,2,1,1,1,1,1,1,1,2,1,1,1,1,1,1,1,1,1,1,1,1,1,1,1,1,1,1,1,1,1,1,1,1,1,1,1,1,1,1,1,1,1,1,1,1,1,1,1,1,1,1,1,1,1,1,1,1,1,1,1,1,1,1,1,1,1,1,1,1,1,1,1,1,1,1,1,1,1,1,1,1,1,1,1,1,1,1,1,1,1,1,1,1,1,1,1,1,1,1,1,2,1,1,1,1,1,1,1,1,1,1,1,1,1,1,1,1,1,1,1,1,1,1,1,1,1,1,1,1,1,1,1,1,2,1,1,1,1,1,1,1,1,1,1,1,1,1,1,1,1,1,1,1,1,1,1,1,1,1,1,1,1,1,1,1,1,1,1,1,1,1,1,1,1,1,1,1,1,1,1,1,1,1,1,1,1,1,1,1,1,1,1,1,1,1,1,1,1,1,1,1,1,1,1,1,1,1,1,1,1,1,1,1,1,1,1,1,1,1,1,1,1,2,1,1,1,1,1,1,1,1,1,1,1,1,1,1,1,1,1,1,1,1,1,1,1,1,1,1,1,1,1,1,1,1,1,1,1,1,2,1,1,1,1,1,1,1,1,1,1,1,1,1,1,1,1,1,1,1,1,1,1,1,1,1,1,1,1,1,1,1,1,1,1,1,1,1,1,1,1,1,1,1,1,1,1,1,1,1,1,1,1,1,1,1,1,1,1,1,1,1,1,1,1,1,1,1,1,1,1,1,1,1,1,1,1,1,1,1,1,1,1,1,1,1,1,1,1,1,1,1,1,1,1,1,1,1,1,1,1,1,1,1,1,1,1,1,1,1,1,1,1,1,1,1,1,1,1,1,1,1,1,1,1,1,1,1,1,1,1,1,1,1,1,1,1,1,1,1,1,1,1,1,1,1,1,1,1,1,1,1,1,1,1,1,1,1,1,1,1,1,1,1,1,1,1,1,1,1,1,1,1,1,1,1,1,1,1,1,1,1,1,1,1,1,1,1,1,1,1,1,1,1,1,1,1,1,1,1,1,1,1,1,1,1,1,1,1,1,1,1,1,1,1,1,1,1,1,1,1,1,1,1,1,1,1,1,1,1,1,1,1,1,1,1,1,1,1,1,1,1,1,1,1,1,1,1,1,1,1,1,1,1,1,1,1,1,1,1,1,1,1,1,1,1,1,1,1,1,1,1,1,1,1,1,1,1,1,1,1,1,1,1,1,1,1,1,1,1,1,1,1,1,1,1,1,1,1,1,1,1,1,1,1,1,1,1,1,1,1,1,1,1,2,1,1,1,1,1,1,1,1,1,1,1,1,1,1,1,1,1,1,1,1,1,1,1,1,1,1,1,1,1,1,1
[2023/10/18 14:01:01] coreSNP::core_selection | DEBUG | SNP number: 4394
[2023/10/18 14:01:01] coreSNP::core_selection | DEBUG | Candidate SNPs: ['rs5_3415514']
[2023/10/18 14:01:01] coreSNP::core_selection | INFO | Selecting SNP #16: rs5_3415514
[2023/10/18 14:01:01] coreSNP::core_selection | DEBUG | Haplotype count: 995
[2023/10/18 14:01:01] coreSNP::core_selection | DEBUG | Haplotype frequency: 1,1,1,1,1,1,1,1,1,1,1,1,1,1,1,1,1,1,1,1,1,1,1,1,1,1,1,1,1,1,1,1,1,1,1,1,1,1,1,2,1,1,1,1,1,1,1,1,1,1,1,1,1,1,1,1,1,1,1,1,1,1,1,1,1,1,1,1,1,1,1,1,1,1,1,1,1,1,1,1,1,1,1,1,1,1,1,1,1,1,1,1,1,1,1,1,1,1,1,1,1,1,1,1,1,1,1,1,1,1,1,1,1,1,1,1,1,1,1,1,1,1,1,1,1,1,1,1,1,1,1,1,1,1,1,1,1,1,1,1,1,1,1,1,1,1,1,1,1,1,1,1,1,1,1,1,1,1,1,1,1,1,1,1,1,1,1,1,1,1,1,1,1,1,1,1,1,1,1,1,1,1,1,1,1,1,1,1,1,1,1,1,1,1,1,1,1,1,1,1,1,1,1,1,1,1,1,1,1,1,1,1,1,1,1,1,1,1,1,1,1,1,1,1,1,1,1,1,1,1,1,1,1,1,1,1,1,1,1,1,1,1,1,1,1,1,1,1,1,1,1,1,1,1,1,1,1,1,1,1,1,1,1,1,1,1,1,1,1,1,1,1,1,1,1,1,1,1,1,1,1,1,1,1,1,1,1,1,1,1,1,1,1,1,1,1,1,1,1,1,1,1,1,1,1,1,1,1,1,1,1,1,1,1,1,1,1,1,1,1,1,2,1,1,1,1,1,1,1,1,1,1,1,1,1,1,1,1,1,1,1,1,1,1,1,1,1,1,1,1,1,1,1,1,1,1,1,1,1,1,1,1,1,1,1,1,1,1,1,1,1,1,1,1,1,1,1,1,1,1,1,1,1,1,1,1,1,1,1,1,1,1,1,1,1,1,1,1,1,1,1,1,1,1,1,1,1,1,1,1,1,1,1,1,1,1,1,1,1,1,1,1,1,1,1,1,1,1,1,1,1,1,1,1,1,1,1,1,1,1,1,1,1,1,1,1,1,1,1,1,1,1,1,1,1,1,1,1,1,1,1,1,1,1,1,1,1,1,1,1,1,1,1,1,1,1,1,1,1,1,1,1,1,2,1,1,1,1,1,1,1,1,1,1,1,1,1,1,1,1,1,1,1,1,1,1,1,1,1,1,1,1,1,1,1,1,1,1,1,1,1,1,1,1,1,1,1,1,1,1,1,1,1,1,1,1,1,1,1,1,1,1,1,1,1,1,1,1,1,1,1,1,1,1,1,1,1,1,1,1,1,1,1,1,1,1,1,1,1,1,1,1,1,1,1,1,1,1,1,1,1,1,1,1,1,1,1,1,1,1,1,1,1,1,1,1,1,1,1,1,1,1,1,1,1,1,1,1,1,1,1,1,1,1,1,1,1,1,1,1,1,1,1,1,1,1,1,1,1,1,1,1,1,1,1,1,1,1,1,1,1,1,1,2,1,1,1,1,1,1,1,1,1,1,1,1,1,1,1,1,1,1,1,1,1,1,1,1,1,1,1,1,1,1,1,1,1,1,1,1,1,1,1,1,1,1,1,1,1,1,1,1,1,1,1,1,1,1,1,1,1,1,1,1,1,1,1,1,1,1,1,1,1,1,1,1,1,1,1,1,1,1,1,1,1,1,1,1,1,1,1,1,1,1,1,1,1,1,1,1,1,1,1,1,1,1,1,1,1,1,1,1,1,1,1,1,1,1,1,1,1,1,1,1,1,1,1,1,1,1,1,1,1,1,1,1,1,1,1,1,1,1,1,1,1,1,1,1,1,1,1,1,1,1,1,1,1,1,1,1,1,1,1,1,1,1,1,1,1,1,1,1,1,1,1,1,1,1,1,1,1,1,1,1,1,1,1,1,1,1,1,1,1,1,1,1,1,1,1,1,1,1,1,1,1,1,1,1,1,1,1,1,1,1,1,1,1,1,1,1,1,1,1,1,1,1,1,1,1,1,1,1,1,1,1,1,1,1,1,1,1,1,1,1,1,1,1,1,1,1,1,1,1,1,1,1,1,1,1,1,1,1,1,1,1,1,1,1,1,1,1,1,1,1,1,1,1,1,1,1,1,1,1,1,1,1,1,1,1,1,1,1,1,1,1,1,1,1,1,1,1,1,1,1,1,1,1,1,1,1,1,1,1,1,1,1,1,1,1,1,1,1,1,2,1,1,1,1,1,1,1,1,1,1,1,1,1,1,1,1,1,1,1,1,1,1,1,1,1,1,1,1,1,1,1
[2023/10/18 14:01:04] coreSNP::core_selection | DEBUG | SNP number: 2567
[2023/10/18 14:01:04] coreSNP::core_selection | DEBUG | Candidate SNPs: ['rs4_589421375']
[2023/10/18 14:01:04] coreSNP::core_selection | INFO | Selecting SNP #17: rs4_589421375
[2023/10/18 14:01:04] coreSNP::core_selection | DEBUG | Haplotype count: 1000
[2023/10/18 14:01:04] coreSNP::core_selection | DEBUG | Haplotype frequency: 1,1,1,1,1,1,1,1,1,1,1,1,1,1,1,1,1,1,1,1,1,1,1,1,1,1,1,1,1,1,1,1,1,1,1,1,1,1,1,1,1,1,1,1,1,1,1,1,1,1,1,1,1,1,1,1,1,1,1,1,1,1,1,1,1,1,1,1,1,1,1,1,1,1,1,1,1,1,1,1,1,1,1,1,1,1,1,1,1,1,1,1,1,1,1,1,1,1,1,1,1,1,1,1,1,1,1,1,1,1,1,1,1,1,1,1,1,1,1,1,1,1,1,1,1,1,1,1,1,1,1,1,1,1,1,1,1,1,1,1,1,1,1,1,1,1,1,1,1,1,1,1,1,1,1,1,1,1,1,1,1,1,1,1,1,1,1,1,1,1,1,1,1,1,1,1,1,1,1,1,1,1,1,1,1,1,1,1,1,1,1,1,1,1,1,1,1,1,1,1,1,1,1,1,1,1,1,1,1,1,1,1,1,1,1,1,1,1,1,1,1,1,1,1,1,1,1,1,1,1,1,1,1,1,1,1,1,1,1,1,1,1,1,1,1,1,1,1,1,1,1,1,1,1,1,1,1,1,1,1,1,1,1,1,1,1,1,1,1,1,1,1,1,1,1,1,1,1,1,1,1,1,1,1,1,1,1,1,1,1,1,1,1,1,1,1,1,1,1,1,1,1,1,1,1,1,1,1,1,1,1,1,1,1,1,1,1,1,1,1,1,1,1,1,1,1,1,1,1,1,1,1,1,1,1,1,1,1,1,1,1,1,1,1,1,1,1,1,1,1,1,1,1,1,1,1,1,1,1,1,1,1,1,1,1,1,1,1,1,1,1,1,1,1,1,1,1,1,1,1,1,1,1,1,1,1,1,1,1,1,1,1,1,1,1,1,1,1,1,1,1,1,1,1,1,1,1,1,1,1,1,1,1,1,1,1,1,1,1,1,1,1,1,1,1,1,1,1,1,1,1,1,1,1,1,1,1,1,1,1,1,1,1,1,1,1,1,1,1,1,1,1,1,1,1,1,1,1,1,1,1,1,1,1,1,1,1,1,1,1,1,1,1,1,1,1,1,1,1,1,1,1,1,1,1,1,1,1,1,1,1,1,1,1,1,1,1,1,1,1,1,1,1,1,1,1,1,1,1,1,1,1,1,1,1,1,1,1,1,1,1,1,1,1,1,1,1,1,1,1,1,1,1,1,1,1,1,1,1,1,1,1,1,1,1,1,1,1,1,1,1,1,1,1,1,1,1,1,1,1,1,1,1,1,1,1,1,1,1,1,1,1,1,1,1,1,1,1,1,1,1,1,1,1,1,1,1,1,1,1,1,1,1,1,1,1,1,1,1,1,1,1,1,1,1,1,1,1,1,1,1,1,1,1,1,1,1,1,1,1,1,1,1,1,1,1,1,1,1,1,1,1,1,1,1,1,1,1,1,1,1,1,1,1,1,1,1,1,1,1,1,1,1,1,1,1,1,1,1,1,1,1,1,1,1,1,1,1,1,1,1,1,1,1,1,1,1,1,1,1,1,1,1,1,1,1,1,1,1,1,1,1,1,1,1,1,1,1,1,1,1,1,1,1,1,1,1,1,1,1,1,1,1,1,1,1,1,1,1,1,1,1,1,1,1,1,1,1,1,1,1,1,1,1,1,1,1,1,1,1,1,1,1,1,1,1,1,1,1,1,1,1,1,1,1,1,1,1,1,1,1,1,1,1,1,1,1,1,1,1,1,1,1,1,1,1,1,1,1,1,1,1,1,1,1,1,1,1,1,1,1,1,1,1,1,1,1,1,1,1,1,1,1,1,1,1,1,1,1,1,1,1,1,1,1,1,1,1,1,1,1,1,1,1,1,1,1,1,1,1,1,1,1,1,1,1,1,1,1,1,1,1,1,1,1,1,1,1,1,1,1,1,1,1,1,1,1,1,1,1,1,1,1,1,1,1,1,1,1,1,1,1,1,1,1,1,1,1,1,1,1,1,1,1,1,1,1,1,1,1,1,1,1,1,1,1,1,1,1,1,1,1,1,1,1,1,1,1,1,1,1,1,1,1,1,1,1,1,1,1,1,1,1,1,1,1,1,1,1,1,1,1,1,1,1,1,1,1,1,1,1,1,1,1,1,1,1,1,1,1,1,1,1,1,1,1,1,1,1,1,1,1,1,1,1,1,1,1,1,1,1,1,1,1,1,1,1,1,1,1,1,1,1,1,1,1,1,1,1,1,1,1,1,1,1,1,1,1,1,1
[2023/10/18 14:01:05] coreSNP::main | INFO | Fix the missing introduced by major allele imputation.
[2023/10/18 14:01:06] coreSNP::main | INFO | core_1 done.

